#
# There is insufficient memory for the Java Runtime Environment to continue.
# Native memory allocation (mmap) failed to map 201326592 bytes for Failed to commit area from 0x0000000741600000 to 0x000000074d600000 of length 201326592.
# Possible reasons:
#   The system is out of physical RAM or swap space
#   The process is running with CompressedOops enabled, and the Java Heap may be blocking the growth of the native heap
# Possible solutions:
#   Reduce memory load on the system
#   Increase physical memory or swap space
#   Check if swap backing store is full
#   Decrease Java heap size (-Xmx/-Xms)
#   Decrease number of Java threads
#   Decrease Java thread stack sizes (-Xss)
#   Set larger code cache with -XX:ReservedCodeCacheSize=
#   JVM is running with Zero Based Compressed Oops mode in which the Java heap is
#     placed in the first 32GB address space. The Java Heap base address is the
#     maximum limit for the native heap growth. Please use -XX:HeapBaseMinAddress
#     to set the Java Heap base and to place the Java Heap above 32GB virtual address.
# This output file may be truncated or incomplete.
#
#  Out of Memory Error (t:/workspace/open/src/hotspot/os/windows/os_windows.cpp:3315), pid=10948, tid=13472
#
# JRE version:  (14.0+36) (build )
# Java VM: Java HotSpot(TM) 64-Bit Server VM (14+36-1461, mixed mode, sharing, tiered, compressed oops, g1 gc, windows-amd64)
# No core dump will be written. Minidumps are not enabled by default on client versions of Windows
#

---------------  S U M M A R Y ------------

Command Line: -javaagent:C:\Program Files\JetBrains\IntelliJ IDEA Educational Edition 2019.3.3\lib\idea_rt.jar=63438:C:\Program Files\JetBrains\IntelliJ IDEA Educational Edition 2019.3.3\bin -Dfile.encoding=UTF-8 Main

Host: Intel(R) Core(TM) i5-4300M CPU @ 2.60GHz, 4 cores, 11G,  Windows 10 , 64 bit Build 19041 (10.0.19041.1)
Time: Sat Apr  4 20:05:37 2020 Russia TZ 2 Standard Time elapsed time: 0 seconds (0d 0h 0m 0s)

---------------  T H R E A D  ---------------

Current thread (0x000002bb64499800):  JavaThread "Unknown thread" [_thread_in_vm, id=13472, stack(0x000000ee38200000,0x000000ee38300000)]

Stack: [0x000000ee38200000,0x000000ee38300000]
Native frames: (J=compiled Java code, j=interpreted, Vv=VM code, C=native code)
V  [jvm.dll+0x5f83ea]
V  [jvm.dll+0x741e2a]
V  [jvm.dll+0x7435df]
V  [jvm.dll+0x743c23]
V  [jvm.dll+0x20d268]
V  [jvm.dll+0x5f579a]
V  [jvm.dll+0x5ea5f5]
V  [jvm.dll+0x2c7e7c]
V  [jvm.dll+0x2c7cb2]
V  [jvm.dll+0x2cdb9c]
V  [jvm.dll+0x313fd8]
V  [jvm.dll+0x313700]
V  [jvm.dll+0x2a090a]
V  [jvm.dll+0x2a1a59]
V  [jvm.dll+0x71f6f8]
V  [jvm.dll+0x321c24]
V  [jvm.dll+0x700aec]
V  [jvm.dll+0x392ddf]
V  [jvm.dll+0x394e51]
C  [jli.dll+0x523b]
C  [ucrtbase.dll+0x21542]
C  [KERNEL32.DLL+0x16fd4]
C  [ntdll.dll+0x4cf31]


---------------  P R O C E S S  ---------------

Threads class SMR info:
_java_thread_list=0x00007ffe790e4078, length=0, elements={
}

Java Threads: ( => current thread )

Other Threads:
  0x000002bb644ec800 GCTaskThread "GC Thread#0" [stack: 0x000000ee38300000,0x000000ee38400000] [id=592]
  0x000002bb64506000 ConcurrentGCThread "G1 Main Marker" [stack: 0x000000ee38400000,0x000000ee38500000] [id=5244]
  0x000002bb64509000 ConcurrentGCThread "G1 Conc#0" [stack: 0x000000ee38500000,0x000000ee38600000] [id=13956]

[error occurred during error reporting (printing all threads), id 0xc0000005, EXCEPTION_ACCESS_VIOLATION (0xc0000005) at pc=0x00007ffe78911237]

VM state:not at safepoint (not fully initialized)

VM Mutex/Monitor currently owned by a thread:  ([mutex/lock_event])
[0x000002bb644951f0] Heap_lock - owner thread: 0x000002bb64499800

Heap address: 0x0000000741600000, size: 3050 MB, Compressed Oops mode: Zero based, Oop shift amount: 3
Narrow klass base: 0x0000000000000000, Narrow klass shift: 0

GC Heap History (0 events):
No events

Deoptimization events (0 events):
No events

Classes unloaded (0 events):
No events

Classes redefined (0 events):
No events

Internal exceptions (0 events):
No events

Events (2 events):
Event: 0.070 Loaded shared library C:\Program Files\Java\jdk-14\bin\java.dll
Event: 0.071 Loaded shared library C:\Program Files\Java\jdk-14\bin\zip.dll


Dynamic libraries:
0x00007ff6c2da0000 - 0x00007ff6c2daf000 	C:\Program Files\Java\jdk-14\bin\java.exe
0x00007ffec11b0000 - 0x00007ffec13a4000 	C:\WINDOWS\SYSTEM32\ntdll.dll
0x00007ffec09a0000 - 0x00007ffec0a5d000 	C:\WINDOWS\System32\KERNEL32.DLL
0x00007ffebebe0000 - 0x00007ffebeea7000 	C:\WINDOWS\System32\KERNELBASE.dll
0x00007ffebe8f0000 - 0x00007ffebe9f0000 	C:\WINDOWS\System32\ucrtbase.dll
0x00007ffea0e00000 - 0x00007ffea0e15000 	C:\Program Files\Java\jdk-14\bin\VCRUNTIME140.dll
0x00007ffea0fa0000 - 0x00007ffea0fb8000 	C:\Program Files\Java\jdk-14\bin\jli.dll
0x00007ffebf580000 - 0x00007ffebf62a000 	C:\WINDOWS\System32\ADVAPI32.dll
0x00007ffec10d0000 - 0x00007ffec116e000 	C:\WINDOWS\System32\msvcrt.dll
0x00007ffebf4e0000 - 0x00007ffebf57b000 	C:\WINDOWS\System32\sechost.dll
0x00007ffec05f0000 - 0x00007ffec0713000 	C:\WINDOWS\System32\RPCRT4.dll
0x00007ffec0720000 - 0x00007ffec08c0000 	C:\WINDOWS\System32\USER32.dll
0x00007ffebf050000 - 0x00007ffebf072000 	C:\WINDOWS\System32\win32u.dll
0x00007ffec0ae0000 - 0x00007ffec0b0a000 	C:\WINDOWS\System32\GDI32.dll
0x00007ffebf080000 - 0x00007ffebf18a000 	C:\WINDOWS\System32\gdi32full.dll
0x00007ffebefb0000 - 0x00007ffebf04d000 	C:\WINDOWS\System32\msvcp_win.dll
0x00007ffea5920000 - 0x00007ffea5bba000 	C:\WINDOWS\WinSxS\amd64_microsoft.windows.common-controls_6595b64144ccf1df_6.0.19041.1_none_b555e41d4684ddec\COMCTL32.dll
0x00007ffeaf440000 - 0x00007ffeaf44a000 	C:\WINDOWS\SYSTEM32\VERSION.dll
0x00007ffec0b10000 - 0x00007ffec0b40000 	C:\WINDOWS\System32\IMM32.DLL
0x00007ffe87450000 - 0x00007ffe874eb000 	C:\Program Files\Java\jdk-14\bin\msvcp140.dll
0x00007ffe78660000 - 0x00007ffe7917f000 	C:\Program Files\Java\jdk-14\bin\server\jvm.dll
0x00007ffec0050000 - 0x00007ffec0058000 	C:\WINDOWS\System32\PSAPI.DLL
0x00007ffea6dc0000 - 0x00007ffea6dc9000 	C:\WINDOWS\SYSTEM32\WSOCK32.dll
0x00007ffec1050000 - 0x00007ffec10bb000 	C:\WINDOWS\System32\WS2_32.dll
0x00007ffe99030000 - 0x00007ffe99057000 	C:\WINDOWS\SYSTEM32\WINMM.dll
0x00007ffebc760000 - 0x00007ffebc773000 	C:\WINDOWS\SYSTEM32\kernel.appcore.dll
0x00007ffeba2a0000 - 0x00007ffeba2aa000 	C:\Program Files\Java\jdk-14\bin\jimage.dll
0x00007ffea83d0000 - 0x00007ffea85b4000 	C:\WINDOWS\SYSTEM32\DBGHELP.DLL
0x00007ffea8370000 - 0x00007ffea839c000 	C:\WINDOWS\SYSTEM32\dbgcore.DLL
0x00007ffebf190000 - 0x00007ffebf20f000 	C:\WINDOWS\System32\bcryptPrimitives.dll
0x00007ffeabb50000 - 0x00007ffeabb5e000 	C:\Program Files\Java\jdk-14\bin\instrument.dll
0x00007ffe9d6f0000 - 0x00007ffe9d715000 	C:\Program Files\Java\jdk-14\bin\java.dll
0x00007ffe9d580000 - 0x00007ffe9d597000 	C:\Program Files\Java\jdk-14\bin\zip.dll

dbghelp: loaded successfully - version: 4.0.5 - missing functions: none
symbol engine: initialized successfully - sym options: 0x614 - pdb path: .;C:\Program Files\Java\jdk-14\bin;C:\WINDOWS\SYSTEM32;C:\WINDOWS\WinSxS\amd64_microsoft.windows.common-controls_6595b64144ccf1df_6.0.19041.1_none_b555e41d4684ddec;C:\Program Files\Java\jdk-14\bin\server

VM Arguments:
jvm_args: -javaagent:C:\Program Files\JetBrains\IntelliJ IDEA Educational Edition 2019.3.3\lib\idea_rt.jar=63438:C:\Program Files\JetBrains\IntelliJ IDEA Educational Edition 2019.3.3\bin -Dfile.encoding=UTF-8 
java_command: Main
java_class_path (initial): E:\Learning\JetBrainsAcademy\Simple Chatty Bot\Problems\Guest list of a hotel\out\production\classes;C:\Users\Mark\.gradle\caches\modules-2\files-2.1\com.github.stefanbirkner\system-rules\1.19.0\d541c9a1cff0dda32e2436c74562e2e4aa6c88cd\system-rules-1.19.0.jar;C:\Users\Mark\.gradle\caches\modules-2\files-2.1\junit\junit\4.11\4e031bb61df09069aeb2bffb4019e7a5034a4ee0\junit-4.11.jar;C:\Users\Mark\.gradle\caches\modules-2\files-2.1\org.hamcrest\hamcrest-core\1.3\42a25dc3219429f0e5d060061f71acb49bf010a0\hamcrest-core-1.3.jar
Launcher Type: SUN_STANDARD

[Global flags]
     intx CICompilerCount                          = 3                                         {product} {ergonomic}
     uint ConcGCThreads                            = 1                                         {product} {ergonomic}
     uint G1ConcRefinementThreads                  = 4                                         {product} {ergonomic}
   size_t G1HeapRegionSize                         = 1048576                                   {product} {ergonomic}
    uintx GCDrainStackTargetSize                   = 64                                        {product} {ergonomic}
   size_t InitialHeapSize                          = 201326592                                 {product} {ergonomic}
   size_t MarkStackSize                            = 4194304                                   {product} {ergonomic}
   size_t MaxHeapSize                              = 3198156800                                {product} {ergonomic}
   size_t MinHeapDeltaBytes                        = 1048576                                   {product} {ergonomic}
   size_t MinHeapSize                              = 8388608                                   {product} {ergonomic}
    uintx NonNMethodCodeHeapSize                   = 5832780                                {pd product} {ergonomic}
    uintx NonProfiledCodeHeapSize                  = 122912730                              {pd product} {ergonomic}
    uintx ProfiledCodeHeapSize                     = 122912730                              {pd product} {ergonomic}
    uintx ReservedCodeCacheSize                    = 251658240                              {pd product} {ergonomic}
     bool SegmentedCodeCache                       = true                                      {product} {ergonomic}
   size_t SoftMaxHeapSize                          = 3198156800                             {manageable} {ergonomic}
     bool UseCompressedClassPointers               = true                                 {lp64_product} {ergonomic}
     bool UseCompressedOops                        = true                                 {lp64_product} {ergonomic}
     bool UseG1GC                                  = true                                      {product} {ergonomic}
     bool UseLargePagesIndividualAllocation        = false                                  {pd product} {ergonomic}

Logging:
Log output configuration:
 #0: stdout all=warning uptime,level,tags
 #1: stderr all=off uptime,level,tags

Environment Variables:
PATH=C:\ProgramData\DockerDesktop\version-bin;C:\Program Files\Docker\Docker\Resources\bin;C:\Program Files (x86)\NVIDIA Corporation\PhysX\Common;C:\WINDOWS\system32;C:\WINDOWS;C:\WINDOWS\System32\Wbem;C:\WINDOWS\System32\WindowsPowerShell\v1.0\;C:\WINDOWS\System32\OpenSSH\;C:\Program Files\Microsoft VS Code\bin;C:\Program Files (x86)\Graphviz2.38\bin;C:\Program Files\Git\cmd;C:\Program Files\dotnet\;C:\Program Files\nodejs\;C:\ProgramData\chocolatey\bin;C:\ProgramData\chocolatey\lib\Elixir/bin;C:\Program Files (x86)\Yarn\bin\;C:\Go\bin;C:\Program Files\Microsoft SQL Server\130\Tools\Binn\;C:\Program Files\Microsoft SQL Server\Client SDK\ODBC\170\Tools\Binn\;C:\WINDOWS\system32;C:\WINDOWS;C:\WINDOWS\System32\Wbem;C:\WINDOWS\System32\WindowsPowerShell\v1.0\;C:\WINDOWS\System32\OpenSSH\;C:\Program Files\Java\jdk-14\bin;C:\Program Files\PuTTY\;C:\Program Files\MySQL\MySQL Server 8.0\bin;C:\Program Files\MySQL\MySQL Shell 8.0\bin\;C:\Users\Mark\AppData\Local\Programs\Python\Python37-32\Scripts\;C:\Users\Mark\AppData\Local\Programs\Python\Python37-32\;C:\Users\Mark\AppData\Local\Microsoft\WindowsApps;C:\Program Files (x86)\Graphviz2.38\bin;C:\Users\Mark\.dotnet\tools;C:\Users\Mark\AppData\Roaming\npm;C:\Users\Mark\AppData\Local\GitHubDesktop\bin;C:\Users\Mark\AppData\Local\Yarn\bin;C:\Users\Mark\go\bin;C:\Users\Mark\AppData\Local\Microsoft\WindowsApps;C:\Program Files\Java\jdk-14\bin;C:\Program Files\JetBrains\IntelliJ IDEA Educational Edition 2019.3.3\bin;;C:\Program Files\MySQL\MySQL Server 8.0\bin;
USERNAME=Mark
OS=Windows_NT
PROCESSOR_IDENTIFIER=Intel64 Family 6 Model 60 Stepping 3, GenuineIntel



---------------  S Y S T E M  ---------------

OS: Windows 10 , 64 bit Build 19041 (10.0.19041.1)
OS uptime: 2 days 6:21 hours
HyperV virtualization detected

CPU:total 4 (initial active 4) (2 cores per cpu, 2 threads per core) family 6 model 60 stepping 3, cmov, cx8, fxsr, mmx, sse, sse2, sse3, ssse3, sse4.1, sse4.2, popcnt, avx, avx2, aes, clmul, erms, lzcnt, ht, tsc, tscinvbit, bmi1, bmi2, fma

Memory: 4k page, system-wide physical 12193M (2024M free)
TotalPageFile size 12193M (AvailPageFile size 161M)
current process WorkingSet (physical memory assigned to process): 10M, peak: 10M
current process commit charge ("private bytes"): 52M, peak: 244M

vm_info: Java HotSpot(TM) 64-Bit Server VM (14+36-1461) for windows-amd64 JRE (14+36-1461), built on Feb  6 2020 19:08:04 by "mach5one" with MS VC++ 15.9 (VS2017)

END.
